<?xml version="1.0" encoding="UTF-8"?>
<testsuite xmlns:xsi="http://www.w3.org/2001/XMLSchema-instance" xsi:noNamespaceSchemaLocation="https://maven.apache.org/surefire/maven-surefire-plugin/xsd/surefire-test-report-3.0.xsd" version="3.0" name="TestSuite" time="146.917" tests="1" errors="0" skipped="0" failures="0">
  <properties>
    <property name="java.specification.version" value="16"/>
    <property name="sun.cpu.isalist" value="amd64"/>
    <property name="sun.jnu.encoding" value="Cp1252"/>
    <property name="java.class.path" value="E:\MINH TAI\Coding Projects\Aspire Auto\Aspire Automated\target\test-classes;E:\MINH TAI\Coding Projects\Aspire Auto\Aspire Automated\target\classes;C:\Users\TAI NGUYEN\.m2\repository\org\seleniumhq\selenium\selenium-java\3.141.59\selenium-java-3.141.59.jar;C:\Users\TAI NGUYEN\.m2\repository\org\seleniumhq\selenium\selenium-api\3.141.59\selenium-api-3.141.59.jar;C:\Users\TAI NGUYEN\.m2\repository\org\seleniumhq\selenium\selenium-chrome-driver\3.141.59\selenium-chrome-driver-3.141.59.jar;C:\Users\TAI NGUYEN\.m2\repository\org\seleniumhq\selenium\selenium-edge-driver\3.141.59\selenium-edge-driver-3.141.59.jar;C:\Users\TAI NGUYEN\.m2\repository\org\seleniumhq\selenium\selenium-firefox-driver\3.141.59\selenium-firefox-driver-3.141.59.jar;C:\Users\TAI NGUYEN\.m2\repository\org\seleniumhq\selenium\selenium-ie-driver\3.141.59\selenium-ie-driver-3.141.59.jar;C:\Users\TAI NGUYEN\.m2\repository\org\seleniumhq\selenium\selenium-opera-driver\3.141.59\selenium-opera-driver-3.141.59.jar;C:\Users\TAI NGUYEN\.m2\repository\org\seleniumhq\selenium\selenium-remote-driver\3.141.59\selenium-remote-driver-3.141.59.jar;C:\Users\TAI NGUYEN\.m2\repository\org\seleniumhq\selenium\selenium-safari-driver\3.141.59\selenium-safari-driver-3.141.59.jar;C:\Users\TAI NGUYEN\.m2\repository\org\seleniumhq\selenium\selenium-support\3.141.59\selenium-support-3.141.59.jar;C:\Users\TAI NGUYEN\.m2\repository\net\bytebuddy\byte-buddy\1.8.15\byte-buddy-1.8.15.jar;C:\Users\TAI NGUYEN\.m2\repository\org\apache\commons\commons-exec\1.3\commons-exec-1.3.jar;C:\Users\TAI NGUYEN\.m2\repository\com\google\guava\guava\25.0-jre\guava-25.0-jre.jar;C:\Users\TAI NGUYEN\.m2\repository\com\google\code\findbugs\jsr305\1.3.9\jsr305-1.3.9.jar;C:\Users\TAI NGUYEN\.m2\repository\org\checkerframework\checker-compat-qual\2.0.0\checker-compat-qual-2.0.0.jar;C:\Users\TAI NGUYEN\.m2\repository\com\google\errorprone\error_prone_annotations\2.1.3\error_prone_annotations-2.1.3.jar;C:\Users\TAI NGUYEN\.m2\repository\com\google\j2objc\j2objc-annotations\1.1\j2objc-annotations-1.1.jar;C:\Users\TAI NGUYEN\.m2\repository\org\codehaus\mojo\animal-sniffer-annotations\1.14\animal-sniffer-annotations-1.14.jar;C:\Users\TAI NGUYEN\.m2\repository\com\squareup\okhttp3\okhttp\3.11.0\okhttp-3.11.0.jar;C:\Users\TAI NGUYEN\.m2\repository\com\squareup\okio\okio\1.14.0\okio-1.14.0.jar;C:\Users\TAI NGUYEN\.m2\repository\org\apache\logging\log4j\log4j-api\2.14.1\log4j-api-2.14.1.jar;C:\Users\TAI NGUYEN\.m2\repository\org\apache\logging\log4j\log4j-core\2.14.1\log4j-core-2.14.1.jar;C:\Users\TAI NGUYEN\.m2\repository\org\testng\testng\7.4.0\testng-7.4.0.jar;C:\Users\TAI NGUYEN\.m2\repository\com\beust\jcommander\1.78\jcommander-1.78.jar;C:\Users\TAI NGUYEN\.m2\repository\org\webjars\jquery\3.5.1\jquery-3.5.1.jar;C:\Users\TAI NGUYEN\.m2\repository\org\apache\poi\poi\5.0.0\poi-5.0.0.jar;C:\Users\TAI NGUYEN\.m2\repository\org\slf4j\slf4j-api\1.7.30\slf4j-api-1.7.30.jar;C:\Users\TAI NGUYEN\.m2\repository\org\slf4j\jcl-over-slf4j\1.7.30\jcl-over-slf4j-1.7.30.jar;C:\Users\TAI NGUYEN\.m2\repository\commons-codec\commons-codec\1.15\commons-codec-1.15.jar;C:\Users\TAI NGUYEN\.m2\repository\org\apache\commons\commons-collections4\4.4\commons-collections4-4.4.jar;C:\Users\TAI NGUYEN\.m2\repository\org\apache\commons\commons-math3\3.6.1\commons-math3-3.6.1.jar;C:\Users\TAI NGUYEN\.m2\repository\com\zaxxer\SparseBitSet\1.2\SparseBitSet-1.2.jar;C:\Users\TAI NGUYEN\.m2\repository\org\apache\poi\poi-ooxml\5.0.0\poi-ooxml-5.0.0.jar;C:\Users\TAI NGUYEN\.m2\repository\org\apache\poi\poi-ooxml-lite\5.0.0\poi-ooxml-lite-5.0.0.jar;C:\Users\TAI NGUYEN\.m2\repository\org\apache\xmlbeans\xmlbeans\4.0.0\xmlbeans-4.0.0.jar;C:\Users\TAI NGUYEN\.m2\repository\org\apache\commons\commons-compress\1.20\commons-compress-1.20.jar;C:\Users\TAI NGUYEN\.m2\repository\com\github\virtuald\curvesapi\1.06\curvesapi-1.06.jar;C:\Users\TAI NGUYEN\.m2\repository\org\bouncycastle\bcpkix-jdk15on\1.68\bcpkix-jdk15on-1.68.jar;C:\Users\TAI NGUYEN\.m2\repository\org\bouncycastle\bcprov-jdk15on\1.68\bcprov-jdk15on-1.68.jar;C:\Users\TAI NGUYEN\.m2\repository\org\apache\santuario\xmlsec\2.2.1\xmlsec-2.2.1.jar;C:\Users\TAI NGUYEN\.m2\repository\com\fasterxml\woodstox\woodstox-core\5.2.1\woodstox-core-5.2.1.jar;C:\Users\TAI NGUYEN\.m2\repository\org\codehaus\woodstox\stax2-api\4.2\stax2-api-4.2.jar;C:\Users\TAI NGUYEN\.m2\repository\jakarta\xml\bind\jakarta.xml.bind-api\2.3.2\jakarta.xml.bind-api-2.3.2.jar;C:\Users\TAI NGUYEN\.m2\repository\jakarta\activation\jakarta.activation-api\1.2.1\jakarta.activation-api-1.2.1.jar;C:\Users\TAI NGUYEN\.m2\repository\org\apache\xmlgraphics\batik-all\1.13\batik-all-1.13.jar;C:\Users\TAI NGUYEN\.m2\repository\org\apache\xmlgraphics\batik-anim\1.13\batik-anim-1.13.jar;C:\Users\TAI NGUYEN\.m2\repository\org\apache\xmlgraphics\batik-shared-resources\1.13\batik-shared-resources-1.13.jar;C:\Users\TAI NGUYEN\.m2\repository\xml-apis\xml-apis-ext\1.3.04\xml-apis-ext-1.3.04.jar;C:\Users\TAI NGUYEN\.m2\repository\org\apache\xmlgraphics\batik-awt-util\1.13\batik-awt-util-1.13.jar;C:\Users\TAI NGUYEN\.m2\repository\org\apache\xmlgraphics\xmlgraphics-commons\2.4\xmlgraphics-commons-2.4.jar;C:\Users\TAI NGUYEN\.m2\repository\commons-io\commons-io\1.3.1\commons-io-1.3.1.jar;C:\Users\TAI NGUYEN\.m2\repository\org\apache\xmlgraphics\batik-bridge\1.13\batik-bridge-1.13.jar;C:\Users\TAI NGUYEN\.m2\repository\org\apache\xmlgraphics\batik-codec\1.13\batik-codec-1.13.jar;C:\Users\TAI NGUYEN\.m2\repository\org\apache\xmlgraphics\batik-constants\1.13\batik-constants-1.13.jar;C:\Users\TAI NGUYEN\.m2\repository\org\apache\xmlgraphics\batik-css\1.13\batik-css-1.13.jar;C:\Users\TAI NGUYEN\.m2\repository\org\apache\xmlgraphics\batik-dom\1.13\batik-dom-1.13.jar;C:\Users\TAI NGUYEN\.m2\repository\xalan\xalan\2.7.2\xalan-2.7.2.jar;C:\Users\TAI NGUYEN\.m2\repository\xalan\serializer\2.7.2\serializer-2.7.2.jar;C:\Users\TAI NGUYEN\.m2\repository\xml-apis\xml-apis\1.4.01\xml-apis-1.4.01.jar;C:\Users\TAI NGUYEN\.m2\repository\org\apache\xmlgraphics\batik-ext\1.13\batik-ext-1.13.jar;C:\Users\TAI NGUYEN\.m2\repository\org\apache\xmlgraphics\batik-extension\1.13\batik-extension-1.13.jar;C:\Users\TAI NGUYEN\.m2\repository\org\apache\xmlgraphics\batik-gui-util\1.13\batik-gui-util-1.13.jar;C:\Users\TAI NGUYEN\.m2\repository\org\apache\xmlgraphics\batik-gvt\1.13\batik-gvt-1.13.jar;C:\Users\TAI NGUYEN\.m2\repository\org\apache\xmlgraphics\batik-i18n\1.13\batik-i18n-1.13.jar;C:\Users\TAI NGUYEN\.m2\repository\org\apache\xmlgraphics\batik-parser\1.13\batik-parser-1.13.jar;C:\Users\TAI NGUYEN\.m2\repository\org\apache\xmlgraphics\batik-rasterizer-ext\1.13\batik-rasterizer-ext-1.13.jar;C:\Users\TAI NGUYEN\.m2\repository\org\apache\xmlgraphics\batik-rasterizer\1.13\batik-rasterizer-1.13.jar;C:\Users\TAI NGUYEN\.m2\repository\org\apache\xmlgraphics\batik-script\1.13\batik-script-1.13.jar;C:\Users\TAI NGUYEN\.m2\repository\org\apache\xmlgraphics\batik-slideshow\1.13\batik-slideshow-1.13.jar;C:\Users\TAI NGUYEN\.m2\repository\org\apache\xmlgraphics\batik-squiggle-ext\1.13\batik-squiggle-ext-1.13.jar;C:\Users\TAI NGUYEN\.m2\repository\org\apache\xmlgraphics\batik-squiggle\1.13\batik-squiggle-1.13.jar;C:\Users\TAI NGUYEN\.m2\repository\org\apache\xmlgraphics\batik-svg-dom\1.13\batik-svg-dom-1.13.jar;C:\Users\TAI NGUYEN\.m2\repository\org\apache\xmlgraphics\batik-svgbrowser\1.13\batik-svgbrowser-1.13.jar;C:\Users\TAI NGUYEN\.m2\repository\org\apache\xmlgraphics\batik-svggen\1.13\batik-svggen-1.13.jar;C:\Users\TAI NGUYEN\.m2\repository\org\apache\xmlgraphics\batik-svgpp\1.13\batik-svgpp-1.13.jar;C:\Users\TAI NGUYEN\.m2\repository\org\apache\xmlgraphics\batik-svgrasterizer\1.13\batik-svgrasterizer-1.13.jar;C:\Users\TAI NGUYEN\.m2\repository\org\apache\xmlgraphics\batik-swing\1.13\batik-swing-1.13.jar;C:\Users\TAI NGUYEN\.m2\repository\org\apache\xmlgraphics\batik-transcoder\1.13\batik-transcoder-1.13.jar;C:\Users\TAI NGUYEN\.m2\repository\org\apache\xmlgraphics\batik-util\1.13\batik-util-1.13.jar;C:\Users\TAI NGUYEN\.m2\repository\org\apache\xmlgraphics\batik-ttf2svg\1.13\batik-ttf2svg-1.13.jar;C:\Users\TAI NGUYEN\.m2\repository\org\apache\xmlgraphics\batik-xml\1.13\batik-xml-1.13.jar;C:\Users\TAI NGUYEN\.m2\repository\de\rototor\pdfbox\graphics2d\0.30\graphics2d-0.30.jar;C:\Users\TAI NGUYEN\.m2\repository\org\apache\pdfbox\pdfbox\2.0.22\pdfbox-2.0.22.jar;C:\Users\TAI NGUYEN\.m2\repository\org\apache\pdfbox\fontbox\2.0.22\fontbox-2.0.22.jar;C:\Users\TAI NGUYEN\.m2\repository\org\apache\maven\plugins\maven-surefire-plugin\3.0.0-M5\maven-surefire-plugin-3.0.0-M5.jar;C:\Users\TAI NGUYEN\.m2\repository\org\apache\maven\surefire\maven-surefire-common\3.0.0-M5\maven-surefire-common-3.0.0-M5.jar;C:\Users\TAI NGUYEN\.m2\repository\org\apache\maven\surefire\surefire-api\3.0.0-M5\surefire-api-3.0.0-M5.jar;C:\Users\TAI NGUYEN\.m2\repository\org\apache\maven\surefire\surefire-logger-api\3.0.0-M5\surefire-logger-api-3.0.0-M5.jar;C:\Users\TAI NGUYEN\.m2\repository\org\apache\maven\surefire\surefire-extensions-api\3.0.0-M5\surefire-extensions-api-3.0.0-M5.jar;C:\Users\TAI NGUYEN\.m2\repository\org\apache\maven\surefire\surefire-booter\3.0.0-M5\surefire-booter-3.0.0-M5.jar;C:\Users\TAI NGUYEN\.m2\repository\org\apache\maven\surefire\surefire-extensions-spi\3.0.0-M5\surefire-extensions-spi-3.0.0-M5.jar;C:\Users\TAI NGUYEN\.m2\repository\org\apache\maven\maven-toolchain\3.0-alpha-2\maven-toolchain-3.0-alpha-2.jar;C:\Users\TAI NGUYEN\.m2\repository\org\apache\maven\shared\maven-artifact-transfer\0.11.0\maven-artifact-transfer-0.11.0.jar;C:\Users\TAI NGUYEN\.m2\repository\org\apache\maven\shared\maven-common-artifact-filters\3.0.1\maven-common-artifact-filters-3.0.1.jar;C:\Users\TAI NGUYEN\.m2\repository\org\apache\maven\maven-model\3.0\maven-model-3.0.jar;C:\Users\TAI NGUYEN\.m2\repository\org\apache\maven\maven-plugin-api\3.0\maven-plugin-api-3.0.jar;C:\Users\TAI NGUYEN\.m2\repository\org\sonatype\sisu\sisu-inject-plexus\1.4.2\sisu-inject-plexus-1.4.2.jar;C:\Users\TAI NGUYEN\.m2\repository\org\codehaus\plexus\plexus-classworlds\2.2.3\plexus-classworlds-2.2.3.jar;C:\Users\TAI NGUYEN\.m2\repository\org\sonatype\sisu\sisu-inject-bean\1.4.2\sisu-inject-bean-1.4.2.jar;C:\Users\TAI NGUYEN\.m2\repository\org\sonatype\sisu\sisu-guice\2.1.7\sisu-guice-2.1.7-noaop.jar;C:\Users\TAI NGUYEN\.m2\repository\org\apache\maven\shared\maven-shared-utils\3.1.0\maven-shared-utils-3.1.0.jar;C:\Users\TAI NGUYEN\.m2\repository\org\codehaus\plexus\plexus-java\1.0.5\plexus-java-1.0.5.jar;C:\Users\TAI NGUYEN\.m2\repository\org\ow2\asm\asm\7.2\asm-7.2.jar;C:\Users\TAI NGUYEN\.m2\repository\com\thoughtworks\qdox\qdox\2.0-M9\qdox-2.0-M9.jar;C:\Users\TAI NGUYEN\.m2\repository\org\apache\maven\surefire\surefire-shared-utils\3.0.0-M4\surefire-shared-utils-3.0.0-M4.jar;"/>
    <property name="java.vm.vendor" value="Oracle Corporation"/>
    <property name="sun.arch.data.model" value="64"/>
    <property name="user.variant" value=""/>
    <property name="java.vendor.url" value="https://java.oracle.com/"/>
    <property name="user.timezone" value="Asia/Saigon"/>
    <property name="suiteXmlFile" value="testng.xml"/>
    <property name="os.name" value="Windows 10"/>
    <property name="java.vm.specification.version" value="16"/>
    <property name="sun.java.launcher" value="SUN_STANDARD"/>
    <property name="user.country" value="US"/>
    <property name="sun.boot.library.path" value="C:\Program Files\Java\jdk-16\bin"/>
    <property name="sun.java.command" value="C:\Users\TAI NGUYEN\AppData\Local\Temp\surefire11850040284363028176\surefirebooter5995546834183103034.jar C:\Users\TAI NGUYEN\AppData\Local\Temp\surefire11850040284363028176 2021-07-11T12-45-05_681-jvmRun1 surefire10564068949757749590tmp surefire_0875825124032752480tmp"/>
    <property name="jdk.debug" value="release"/>
    <property name="surefire.test.class.path" value="E:\MINH TAI\Coding Projects\Aspire Auto\Aspire Automated\target\test-classes;E:\MINH TAI\Coding Projects\Aspire Auto\Aspire Automated\target\classes;C:\Users\TAI NGUYEN\.m2\repository\org\seleniumhq\selenium\selenium-java\3.141.59\selenium-java-3.141.59.jar;C:\Users\TAI NGUYEN\.m2\repository\org\seleniumhq\selenium\selenium-api\3.141.59\selenium-api-3.141.59.jar;C:\Users\TAI NGUYEN\.m2\repository\org\seleniumhq\selenium\selenium-chrome-driver\3.141.59\selenium-chrome-driver-3.141.59.jar;C:\Users\TAI NGUYEN\.m2\repository\org\seleniumhq\selenium\selenium-edge-driver\3.141.59\selenium-edge-driver-3.141.59.jar;C:\Users\TAI NGUYEN\.m2\repository\org\seleniumhq\selenium\selenium-firefox-driver\3.141.59\selenium-firefox-driver-3.141.59.jar;C:\Users\TAI NGUYEN\.m2\repository\org\seleniumhq\selenium\selenium-ie-driver\3.141.59\selenium-ie-driver-3.141.59.jar;C:\Users\TAI NGUYEN\.m2\repository\org\seleniumhq\selenium\selenium-opera-driver\3.141.59\selenium-opera-driver-3.141.59.jar;C:\Users\TAI NGUYEN\.m2\repository\org\seleniumhq\selenium\selenium-remote-driver\3.141.59\selenium-remote-driver-3.141.59.jar;C:\Users\TAI NGUYEN\.m2\repository\org\seleniumhq\selenium\selenium-safari-driver\3.141.59\selenium-safari-driver-3.141.59.jar;C:\Users\TAI NGUYEN\.m2\repository\org\seleniumhq\selenium\selenium-support\3.141.59\selenium-support-3.141.59.jar;C:\Users\TAI NGUYEN\.m2\repository\net\bytebuddy\byte-buddy\1.8.15\byte-buddy-1.8.15.jar;C:\Users\TAI NGUYEN\.m2\repository\org\apache\commons\commons-exec\1.3\commons-exec-1.3.jar;C:\Users\TAI NGUYEN\.m2\repository\com\google\guava\guava\25.0-jre\guava-25.0-jre.jar;C:\Users\TAI NGUYEN\.m2\repository\com\google\code\findbugs\jsr305\1.3.9\jsr305-1.3.9.jar;C:\Users\TAI NGUYEN\.m2\repository\org\checkerframework\checker-compat-qual\2.0.0\checker-compat-qual-2.0.0.jar;C:\Users\TAI NGUYEN\.m2\repository\com\google\errorprone\error_prone_annotations\2.1.3\error_prone_annotations-2.1.3.jar;C:\Users\TAI NGUYEN\.m2\repository\com\google\j2objc\j2objc-annotations\1.1\j2objc-annotations-1.1.jar;C:\Users\TAI NGUYEN\.m2\repository\org\codehaus\mojo\animal-sniffer-annotations\1.14\animal-sniffer-annotations-1.14.jar;C:\Users\TAI NGUYEN\.m2\repository\com\squareup\okhttp3\okhttp\3.11.0\okhttp-3.11.0.jar;C:\Users\TAI NGUYEN\.m2\repository\com\squareup\okio\okio\1.14.0\okio-1.14.0.jar;C:\Users\TAI NGUYEN\.m2\repository\org\apache\logging\log4j\log4j-api\2.14.1\log4j-api-2.14.1.jar;C:\Users\TAI NGUYEN\.m2\repository\org\apache\logging\log4j\log4j-core\2.14.1\log4j-core-2.14.1.jar;C:\Users\TAI NGUYEN\.m2\repository\org\testng\testng\7.4.0\testng-7.4.0.jar;C:\Users\TAI NGUYEN\.m2\repository\com\beust\jcommander\1.78\jcommander-1.78.jar;C:\Users\TAI NGUYEN\.m2\repository\org\webjars\jquery\3.5.1\jquery-3.5.1.jar;C:\Users\TAI NGUYEN\.m2\repository\org\apache\poi\poi\5.0.0\poi-5.0.0.jar;C:\Users\TAI NGUYEN\.m2\repository\org\slf4j\slf4j-api\1.7.30\slf4j-api-1.7.30.jar;C:\Users\TAI NGUYEN\.m2\repository\org\slf4j\jcl-over-slf4j\1.7.30\jcl-over-slf4j-1.7.30.jar;C:\Users\TAI NGUYEN\.m2\repository\commons-codec\commons-codec\1.15\commons-codec-1.15.jar;C:\Users\TAI NGUYEN\.m2\repository\org\apache\commons\commons-collections4\4.4\commons-collections4-4.4.jar;C:\Users\TAI NGUYEN\.m2\repository\org\apache\commons\commons-math3\3.6.1\commons-math3-3.6.1.jar;C:\Users\TAI NGUYEN\.m2\repository\com\zaxxer\SparseBitSet\1.2\SparseBitSet-1.2.jar;C:\Users\TAI NGUYEN\.m2\repository\org\apache\poi\poi-ooxml\5.0.0\poi-ooxml-5.0.0.jar;C:\Users\TAI NGUYEN\.m2\repository\org\apache\poi\poi-ooxml-lite\5.0.0\poi-ooxml-lite-5.0.0.jar;C:\Users\TAI NGUYEN\.m2\repository\org\apache\xmlbeans\xmlbeans\4.0.0\xmlbeans-4.0.0.jar;C:\Users\TAI NGUYEN\.m2\repository\org\apache\commons\commons-compress\1.20\commons-compress-1.20.jar;C:\Users\TAI NGUYEN\.m2\repository\com\github\virtuald\curvesapi\1.06\curvesapi-1.06.jar;C:\Users\TAI NGUYEN\.m2\repository\org\bouncycastle\bcpkix-jdk15on\1.68\bcpkix-jdk15on-1.68.jar;C:\Users\TAI NGUYEN\.m2\repository\org\bouncycastle\bcprov-jdk15on\1.68\bcprov-jdk15on-1.68.jar;C:\Users\TAI NGUYEN\.m2\repository\org\apache\santuario\xmlsec\2.2.1\xmlsec-2.2.1.jar;C:\Users\TAI NGUYEN\.m2\repository\com\fasterxml\woodstox\woodstox-core\5.2.1\woodstox-core-5.2.1.jar;C:\Users\TAI NGUYEN\.m2\repository\org\codehaus\woodstox\stax2-api\4.2\stax2-api-4.2.jar;C:\Users\TAI NGUYEN\.m2\repository\jakarta\xml\bind\jakarta.xml.bind-api\2.3.2\jakarta.xml.bind-api-2.3.2.jar;C:\Users\TAI NGUYEN\.m2\repository\jakarta\activation\jakarta.activation-api\1.2.1\jakarta.activation-api-1.2.1.jar;C:\Users\TAI NGUYEN\.m2\repository\org\apache\xmlgraphics\batik-all\1.13\batik-all-1.13.jar;C:\Users\TAI NGUYEN\.m2\repository\org\apache\xmlgraphics\batik-anim\1.13\batik-anim-1.13.jar;C:\Users\TAI NGUYEN\.m2\repository\org\apache\xmlgraphics\batik-shared-resources\1.13\batik-shared-resources-1.13.jar;C:\Users\TAI NGUYEN\.m2\repository\xml-apis\xml-apis-ext\1.3.04\xml-apis-ext-1.3.04.jar;C:\Users\TAI NGUYEN\.m2\repository\org\apache\xmlgraphics\batik-awt-util\1.13\batik-awt-util-1.13.jar;C:\Users\TAI NGUYEN\.m2\repository\org\apache\xmlgraphics\xmlgraphics-commons\2.4\xmlgraphics-commons-2.4.jar;C:\Users\TAI NGUYEN\.m2\repository\commons-io\commons-io\1.3.1\commons-io-1.3.1.jar;C:\Users\TAI NGUYEN\.m2\repository\org\apache\xmlgraphics\batik-bridge\1.13\batik-bridge-1.13.jar;C:\Users\TAI NGUYEN\.m2\repository\org\apache\xmlgraphics\batik-codec\1.13\batik-codec-1.13.jar;C:\Users\TAI NGUYEN\.m2\repository\org\apache\xmlgraphics\batik-constants\1.13\batik-constants-1.13.jar;C:\Users\TAI NGUYEN\.m2\repository\org\apache\xmlgraphics\batik-css\1.13\batik-css-1.13.jar;C:\Users\TAI NGUYEN\.m2\repository\org\apache\xmlgraphics\batik-dom\1.13\batik-dom-1.13.jar;C:\Users\TAI NGUYEN\.m2\repository\xalan\xalan\2.7.2\xalan-2.7.2.jar;C:\Users\TAI NGUYEN\.m2\repository\xalan\serializer\2.7.2\serializer-2.7.2.jar;C:\Users\TAI NGUYEN\.m2\repository\xml-apis\xml-apis\1.4.01\xml-apis-1.4.01.jar;C:\Users\TAI NGUYEN\.m2\repository\org\apache\xmlgraphics\batik-ext\1.13\batik-ext-1.13.jar;C:\Users\TAI NGUYEN\.m2\repository\org\apache\xmlgraphics\batik-extension\1.13\batik-extension-1.13.jar;C:\Users\TAI NGUYEN\.m2\repository\org\apache\xmlgraphics\batik-gui-util\1.13\batik-gui-util-1.13.jar;C:\Users\TAI NGUYEN\.m2\repository\org\apache\xmlgraphics\batik-gvt\1.13\batik-gvt-1.13.jar;C:\Users\TAI NGUYEN\.m2\repository\org\apache\xmlgraphics\batik-i18n\1.13\batik-i18n-1.13.jar;C:\Users\TAI NGUYEN\.m2\repository\org\apache\xmlgraphics\batik-parser\1.13\batik-parser-1.13.jar;C:\Users\TAI NGUYEN\.m2\repository\org\apache\xmlgraphics\batik-rasterizer-ext\1.13\batik-rasterizer-ext-1.13.jar;C:\Users\TAI NGUYEN\.m2\repository\org\apache\xmlgraphics\batik-rasterizer\1.13\batik-rasterizer-1.13.jar;C:\Users\TAI NGUYEN\.m2\repository\org\apache\xmlgraphics\batik-script\1.13\batik-script-1.13.jar;C:\Users\TAI NGUYEN\.m2\repository\org\apache\xmlgraphics\batik-slideshow\1.13\batik-slideshow-1.13.jar;C:\Users\TAI NGUYEN\.m2\repository\org\apache\xmlgraphics\batik-squiggle-ext\1.13\batik-squiggle-ext-1.13.jar;C:\Users\TAI NGUYEN\.m2\repository\org\apache\xmlgraphics\batik-squiggle\1.13\batik-squiggle-1.13.jar;C:\Users\TAI NGUYEN\.m2\repository\org\apache\xmlgraphics\batik-svg-dom\1.13\batik-svg-dom-1.13.jar;C:\Users\TAI NGUYEN\.m2\repository\org\apache\xmlgraphics\batik-svgbrowser\1.13\batik-svgbrowser-1.13.jar;C:\Users\TAI NGUYEN\.m2\repository\org\apache\xmlgraphics\batik-svggen\1.13\batik-svggen-1.13.jar;C:\Users\TAI NGUYEN\.m2\repository\org\apache\xmlgraphics\batik-svgpp\1.13\batik-svgpp-1.13.jar;C:\Users\TAI NGUYEN\.m2\repository\org\apache\xmlgraphics\batik-svgrasterizer\1.13\batik-svgrasterizer-1.13.jar;C:\Users\TAI NGUYEN\.m2\repository\org\apache\xmlgraphics\batik-swing\1.13\batik-swing-1.13.jar;C:\Users\TAI NGUYEN\.m2\repository\org\apache\xmlgraphics\batik-transcoder\1.13\batik-transcoder-1.13.jar;C:\Users\TAI NGUYEN\.m2\repository\org\apache\xmlgraphics\batik-util\1.13\batik-util-1.13.jar;C:\Users\TAI NGUYEN\.m2\repository\org\apache\xmlgraphics\batik-ttf2svg\1.13\batik-ttf2svg-1.13.jar;C:\Users\TAI NGUYEN\.m2\repository\org\apache\xmlgraphics\batik-xml\1.13\batik-xml-1.13.jar;C:\Users\TAI NGUYEN\.m2\repository\de\rototor\pdfbox\graphics2d\0.30\graphics2d-0.30.jar;C:\Users\TAI NGUYEN\.m2\repository\org\apache\pdfbox\pdfbox\2.0.22\pdfbox-2.0.22.jar;C:\Users\TAI NGUYEN\.m2\repository\org\apache\pdfbox\fontbox\2.0.22\fontbox-2.0.22.jar;C:\Users\TAI NGUYEN\.m2\repository\org\apache\maven\plugins\maven-surefire-plugin\3.0.0-M5\maven-surefire-plugin-3.0.0-M5.jar;C:\Users\TAI NGUYEN\.m2\repository\org\apache\maven\surefire\maven-surefire-common\3.0.0-M5\maven-surefire-common-3.0.0-M5.jar;C:\Users\TAI NGUYEN\.m2\repository\org\apache\maven\surefire\surefire-api\3.0.0-M5\surefire-api-3.0.0-M5.jar;C:\Users\TAI NGUYEN\.m2\repository\org\apache\maven\surefire\surefire-logger-api\3.0.0-M5\surefire-logger-api-3.0.0-M5.jar;C:\Users\TAI NGUYEN\.m2\repository\org\apache\maven\surefire\surefire-extensions-api\3.0.0-M5\surefire-extensions-api-3.0.0-M5.jar;C:\Users\TAI NGUYEN\.m2\repository\org\apache\maven\surefire\surefire-booter\3.0.0-M5\surefire-booter-3.0.0-M5.jar;C:\Users\TAI NGUYEN\.m2\repository\org\apache\maven\surefire\surefire-extensions-spi\3.0.0-M5\surefire-extensions-spi-3.0.0-M5.jar;C:\Users\TAI NGUYEN\.m2\repository\org\apache\maven\maven-toolchain\3.0-alpha-2\maven-toolchain-3.0-alpha-2.jar;C:\Users\TAI NGUYEN\.m2\repository\org\apache\maven\shared\maven-artifact-transfer\0.11.0\maven-artifact-transfer-0.11.0.jar;C:\Users\TAI NGUYEN\.m2\repository\org\apache\maven\shared\maven-common-artifact-filters\3.0.1\maven-common-artifact-filters-3.0.1.jar;C:\Users\TAI NGUYEN\.m2\repository\org\apache\maven\maven-model\3.0\maven-model-3.0.jar;C:\Users\TAI NGUYEN\.m2\repository\org\apache\maven\maven-plugin-api\3.0\maven-plugin-api-3.0.jar;C:\Users\TAI NGUYEN\.m2\repository\org\sonatype\sisu\sisu-inject-plexus\1.4.2\sisu-inject-plexus-1.4.2.jar;C:\Users\TAI NGUYEN\.m2\repository\org\codehaus\plexus\plexus-classworlds\2.2.3\plexus-classworlds-2.2.3.jar;C:\Users\TAI NGUYEN\.m2\repository\org\sonatype\sisu\sisu-inject-bean\1.4.2\sisu-inject-bean-1.4.2.jar;C:\Users\TAI NGUYEN\.m2\repository\org\sonatype\sisu\sisu-guice\2.1.7\sisu-guice-2.1.7-noaop.jar;C:\Users\TAI NGUYEN\.m2\repository\org\apache\maven\shared\maven-shared-utils\3.1.0\maven-shared-utils-3.1.0.jar;C:\Users\TAI NGUYEN\.m2\repository\org\codehaus\plexus\plexus-java\1.0.5\plexus-java-1.0.5.jar;C:\Users\TAI NGUYEN\.m2\repository\org\ow2\asm\asm\7.2\asm-7.2.jar;C:\Users\TAI NGUYEN\.m2\repository\com\thoughtworks\qdox\qdox\2.0-M9\qdox-2.0-M9.jar;C:\Users\TAI NGUYEN\.m2\repository\org\apache\maven\surefire\surefire-shared-utils\3.0.0-M4\surefire-shared-utils-3.0.0-M4.jar;"/>
    <property name="sun.cpu.endian" value="little"/>
    <property name="user.home" value="C:\Users\TAI NGUYEN"/>
    <property name="user.language" value="en"/>
    <property name="java.specification.vendor" value="Oracle Corporation"/>
    <property name="java.version.date" value="2021-03-16"/>
    <property name="java.home" value="C:\Program Files\Java\jdk-16"/>
    <property name="file.separator" value="\"/>
    <property name="basedir" value="E:\MINH TAI\Coding Projects\Aspire Auto\Aspire Automated"/>
    <property name="java.vm.compressedOopsMode" value="Zero based"/>
    <property name="line.separator" value="&#10;"/>
    <property name="java.vm.specification.vendor" value="Oracle Corporation"/>
    <property name="java.specification.name" value="Java Platform API Specification"/>
    <property name="surefire.real.class.path" value="C:\Users\TAI NGUYEN\AppData\Local\Temp\surefire11850040284363028176\surefirebooter5995546834183103034.jar"/>
    <property name="user.script" value=""/>
    <property name="sun.management.compiler" value="HotSpot 64-Bit Tiered Compilers"/>
    <property name="java.runtime.version" value="16+36-2231"/>
    <property name="user.name" value="TAI NGUYEN"/>
    <property name="path.separator" value=";"/>
    <property name="os.version" value="10.0"/>
    <property name="java.runtime.name" value="Java(TM) SE Runtime Environment"/>
    <property name="file.encoding" value="Cp1252"/>
    <property name="java.vm.name" value="Java HotSpot(TM) 64-Bit Server VM"/>
    <property name="localRepository" value="C:\Users\TAI NGUYEN\.m2\repository"/>
    <property name="java.vendor.url.bug" value="https://bugreport.java.com/bugreport/"/>
    <property name="java.io.tmpdir" value="C:\Users\TAINGU~1\AppData\Local\Temp\"/>
    <property name="java.version" value="16"/>
    <property name="user.dir" value="E:\MINH TAI\Coding Projects\Aspire Auto\Aspire Automated"/>
    <property name="os.arch" value="amd64"/>
    <property name="java.vm.specification.name" value="Java Virtual Machine Specification"/>
    <property name="sun.os.patch.level" value=""/>
    <property name="java.library.path" value="C:\Program Files\Java\jdk-16\bin;C:\WINDOWS\Sun\Java\bin;C:\WINDOWS\system32;C:\WINDOWS;C:\Program Files\Common Files\Oracle\Java\javapath;C:\WINDOWS\system32;C:\WINDOWS;C:\WINDOWS\System32\Wbem;C:\WINDOWS\System32\WindowsPowerShell\v1.0\;C:\WINDOWS\System32\OpenSSH\;C:\Program Files (x86)\NVIDIA Corporation\PhysX\Common;C:\Program Files\PuTTY\;C:\Program Files\NVIDIA Corporation\NVIDIA NvDLISR;C:\WINDOWS\system32;C:\WINDOWS;C:\WINDOWS\System32\Wbem;C:\WINDOWS\System32\WindowsPowerShell\v1.0\;C:\WINDOWS\System32\OpenSSH\;E:\MINH TAI\Coding Projects\Selenium\chromedriver_win32;E:\MINH TAI\Coding Projects\apache-maven-3.8.1\bin;C:\Users\TAI NGUYEN\AppData\Local\Microsoft\WindowsApps;;C:\Program Files\JetBrains\IntelliJ IDEA Community Edition 2021.1\bin;;."/>
    <property name="java.vm.info" value="mixed mode, sharing"/>
    <property name="java.vendor" value="Oracle Corporation"/>
    <property name="java.vm.version" value="16+36-2231"/>
    <property name="sun.io.unicode.encoding" value="UnicodeLittle"/>
    <property name="java.class.version" value="60.0"/>
  </properties>
  <testcase name="testRegister[{businessActivity=Americans love to talk about how Americans hate to talk about money, emailDomain=@gmail.com, documentOption=Passport, gender=Male, businessProvide=A service provider provides organizations with consulting, industry=Retail Goods, emailOTPNumber=1234, userid=Tai A, verificationSelect=Identity documents, liveWebSite=www.nmt1.site, mobileOTPNumber=1234, subIndustry=Fine Arts, solution=accusantium, shareholdersQualified=No, entityCategory=Non profit organization, annualTurnover=S$0 - S$50,000, moreThan10OrdinaryShares=No, email=mtaihrtnf94, entityType=Charities, filePath=\src\test\resources\testdata\RegisterTest.jpg, mobile=335679087, dateOfBirth=6/Dec/1994, numberOfEmployees=11-50, businessRole=I am a registered director of the company, nationality=Singapore, registrationNumber=113523451A, whereDidYouHearAbUs=Brochure, businessLegalName=NMT, roleInCompany=Appointed director, registrationMethod=Standard Registration}](1)" classname="scripts.registerpagetest.RegisterTest" time="143.764">
    <system-out><![CDATA[[TestNGContentHandler] [WARN] It is strongly recommended to add "<!DOCTYPE suite SYSTEM "https://testng.org/testng-1.0.dtd" >" at the top of the suite file [E:\MINH TAI\Coding Projects\Aspire Auto\Aspire Automated\testng.xml] otherwise TestNG may fail or not work as expected.
2021-07-11 12:45:09 INFO  ATestScript:66 - Step 1: click registration link
2021-07-11 12:45:09 DEBUG ATestScript:45 - [PageRegister] click on Register Link
2021-07-11 12:45:09 DEBUG ATestScript:17 - 			[Button] Click on element: By.xpath: //a[@class='text-primary text-bold login-step-start__register-link']
2021-07-11 12:45:11 DEBUG ATestScript:36 - Wait for page loaded completely...
2021-07-11 12:45:11 DEBUG ATestScript:39 - ...Page loaded completely
2021-07-11 12:45:11 INFO  ATestScript:70 - Step 2: input user name
2021-07-11 12:45:11 DEBUG ATestScript:50 - [PageRegister] input user full name: Tai A
2021-07-11 12:45:11 DEBUG ATestScript:19 - 			[TextField] Input text: Tai A
2021-07-11 12:45:11 INFO  ATestScript:73 - Step 3: input email address
2021-07-11 12:45:11 DEBUG ATestScript:55 - [PageRegister] input user email address: mtaihrtnf940fb0d22d-4964-4b39-8e7b-b3897f808605@gmail.com
2021-07-11 12:45:11 DEBUG ATestScript:19 - 			[TextField] Input text: mtaihrtnf940fb0d22d-4964-4b39-8e7b-b3897f808605@gmail.com
2021-07-11 12:45:12 INFO  ATestScript:76 - Step 4: input mobile
2021-07-11 12:45:12 DEBUG ATestScript:60 - [PageRegister] input user mobile: 691446599
2021-07-11 12:45:12 DEBUG ATestScript:19 - 			[TextField] Input text: 691446599
2021-07-11 12:45:12 INFO  ATestScript:79 - Step 5: Input Where did you hear about us
2021-07-11 12:45:12 DEBUG ATestScript:89 - [PageRegister] Select Where you hear about us value: Brochure
2021-07-11 12:45:12 DEBUG ATestScript:33 - 		[DropDownTextSearch] Search drop down Where did you hear about us? for item: Brochure
2021-07-11 12:45:12 DEBUG ATestScript:19 - 			[TextField] Input text: Brochure
2021-07-11 12:45:12 DEBUG ATestScript:46 - 		[DropDown] Select item in drop down: Brochure
2021-07-11 12:45:12 DEBUG ATestScript:17 - 			[Button] Click on element: By.xpath: //div[contains(@class,'q-item')][text() = 'Brochure']
2021-07-11 12:45:13 INFO  ATestScript:82 - Step 6: Agree Term and Policy
2021-07-11 12:45:13 DEBUG ATestScript:76 - [PageRegister] Check on check box agree term and policy
2021-07-11 12:45:13 DEBUG ATestScript:17 - 			[Button] Click on element: By.xpath: //div[@role = 'checkbox'][following-sibling::div[contains(text(), 'I have read and agree with the')][a[contains(text(), 'Terms and Conditions')]][a[contains(text(), 'Privacy Policy')]]]
2021-07-11 12:45:13 INFO  ATestScript:85 - Step 7: Click Continue
2021-07-11 12:45:13 DEBUG ATestScript:81 - [PageRegister] Click on button Continue
2021-07-11 12:45:13 DEBUG ATestScript:17 - 			[Button] Click on element: By.xpath: //button//span[text() = 'Continue']
2021-07-11 12:45:13 DEBUG ATestScript:56 - Wait for Spinner to disappear...
2021-07-11 12:45:16 DEBUG ATestScript:63 - ...Spinner disappeared
2021-07-11 12:45:16 DEBUG ATestScript:67 - Wait for Loading to disappear...
2021-07-11 12:45:18 DEBUG ATestScript:74 - ...Loading disappeared
2021-07-11 12:45:18 INFO  ATestScript:88 - Step 8: Verify next page is loaded
2021-07-11 12:45:18 DEBUG ATestScript:44 - Check if this text is visible on page: Enter phone OTP
2021-07-11 12:45:18 DEBUG ATestScript:36 - Wait for page loaded completely...
2021-07-11 12:45:18 DEBUG ATestScript:39 - ...Page loaded completely
2021-07-11 12:45:18 DEBUG ATestScript:48 - Text is visible!
2021-07-11 12:45:18 INFO  ATestScript:91 - Step 9: Input phone OTP number
2021-07-11 12:45:18 DEBUG ATestScript:96 - [PageRegister] input OTP number: 1234
2021-07-11 12:45:18 DEBUG ATestScript:32 - 			[TextField] Action Input text: 1
2021-07-11 12:45:18 DEBUG ATestScript:32 - 			[TextField] Action Input text: 2
2021-07-11 12:45:18 DEBUG ATestScript:32 - 			[TextField] Action Input text: 3
2021-07-11 12:45:19 DEBUG ATestScript:32 - 			[TextField] Action Input text: 4
2021-07-11 12:45:19 DEBUG ATestScript:67 - Wait for Loading to disappear...
2021-07-11 12:45:21 DEBUG ATestScript:74 - ...Loading disappeared
2021-07-11 12:45:21 INFO  ATestScript:94 - Step 10: Press Continue
2021-07-11 12:45:21 DEBUG ATestScript:81 - [PageRegister] Click on button Continue
2021-07-11 12:45:21 DEBUG ATestScript:17 - 			[Button] Click on element: By.xpath: //button//span[text() = 'Continue']
2021-07-11 12:45:22 DEBUG ATestScript:56 - Wait for Spinner to disappear...
2021-07-11 12:45:32 DEBUG ATestScript:61 - No spinner is displayed
2021-07-11 12:45:32 DEBUG ATestScript:63 - ...Spinner disappeared
2021-07-11 12:45:32 DEBUG ATestScript:67 - Wait for Loading to disappear...
2021-07-11 12:45:42 DEBUG ATestScript:72 - No loading is displayed
2021-07-11 12:45:42 DEBUG ATestScript:74 - ...Loading disappeared
2021-07-11 12:45:42 INFO  ATestScript:97 - Step 11: Verify Tell us more about yourself page is loaded
2021-07-11 12:45:42 DEBUG ATestScript:44 - Check if this text is visible on page: Tell us more about yourself
2021-07-11 12:45:42 DEBUG ATestScript:36 - Wait for page loaded completely...
2021-07-11 12:45:42 DEBUG ATestScript:39 - ...Page loaded completely
2021-07-11 12:45:42 DEBUG ATestScript:48 - Text is visible!
2021-07-11 12:45:42 INFO  ATestScript:100 - Step 12: Select business role
2021-07-11 12:45:42 DEBUG ATestScript:113 - [PageRegister] Select business role: I am a registered director of the company
2021-07-11 12:45:42 DEBUG ATestScript:17 - 			[Button] Click on element: By.xpath: //div[contains(@class, 'business-role')]/div[contains(@class, 'aspire-card')]//div[contains(text(), 'I am a registered director of the company')]
2021-07-11 12:45:42 INFO  ATestScript:103 - Step 13: Verify Additional details page is loaded
2021-07-11 12:45:42 DEBUG ATestScript:44 - Check if this text is visible on page: Additional details
2021-07-11 12:45:42 DEBUG ATestScript:36 - Wait for page loaded completely...
2021-07-11 12:45:42 DEBUG ATestScript:39 - ...Page loaded completely
2021-07-11 12:45:42 DEBUG ATestScript:48 - Text is visible!
2021-07-11 12:45:42 INFO  ATestScript:106 - Step 14: Select solutions
2021-07-11 12:45:42 DEBUG ATestScript:49 - [PageAdditionalDetail] Select Applicable Option: [accusantium]
2021-07-11 12:45:42 DEBUG ATestScript:35 - 		[DropDown] Open dropdown: What solutions are you looking for?
2021-07-11 12:45:42 DEBUG ATestScript:17 - 			[Button] Click on element: By.xpath: //div[@class='aspire-label__text'][normalize-space() = 'What solutions are you looking for?']/following::label[contains(@class, 'q-select')]//i
2021-07-11 12:45:43 DEBUG ATestScript:46 - 		[DropDown] Select item in drop down: accusantium
2021-07-11 12:45:43 DEBUG ATestScript:17 - 			[Button] Click on element: By.xpath: //div[contains(@class,'q-item')][text() = 'accusantium']
2021-07-11 12:45:44 DEBUG ATestScript:52 - 		[DropDown] Close drop down: What solutions are you looking for?
2021-07-11 12:45:44 DEBUG ATestScript:17 - 			[Button] Click on element: By.xpath: //div[@class='aspire-label__text'][normalize-space() = 'What solutions are you looking for?']/following::label[contains(@class, 'q-field--highlighted')]
2021-07-11 12:45:44 INFO  ATestScript:109 - Step 15: Press Continue
2021-07-11 12:45:44 DEBUG ATestScript:81 - [PageRegister] Click on button Continue
2021-07-11 12:45:44 DEBUG ATestScript:17 - 			[Button] Click on element: By.xpath: //button//span[text() = 'Continue']
2021-07-11 12:45:44 DEBUG ATestScript:56 - Wait for Spinner to disappear...
2021-07-11 12:45:49 DEBUG ATestScript:63 - ...Spinner disappeared
2021-07-11 12:45:49 DEBUG ATestScript:67 - Wait for Loading to disappear...
2021-07-11 12:45:59 DEBUG ATestScript:72 - No loading is displayed
2021-07-11 12:45:59 DEBUG ATestScript:74 - ...Loading disappeared
2021-07-11 12:45:59 INFO  ATestScript:112 - Step 16: Verify Choose a registration method page is loaded
2021-07-11 12:45:59 DEBUG ATestScript:44 - Check if this text is visible on page: Choose a registration method
2021-07-11 12:45:59 DEBUG ATestScript:36 - Wait for page loaded completely...
2021-07-11 12:45:59 DEBUG ATestScript:39 - ...Page loaded completely
2021-07-11 12:45:59 DEBUG ATestScript:48 - Text is visible!
2021-07-11 12:45:59 INFO  ATestScript:115 - Step 17: Select registration method
2021-07-11 12:45:59 DEBUG ATestScript:64 - [PageAdditionalDetail] Select Registration Method: Standard Registration
2021-07-11 12:45:59 DEBUG ATestScript:17 - 			[Button] Click on element: By.xpath: //div[@class='auth-form__card']//div[@class='onboarding-step-register-select-method__column-content'][descendant::div[normalize-space() = 'Standard Registration']]//span[@class='block'][normalize-space() = 'Get Started']
2021-07-11 12:45:59 DEBUG ATestScript:56 - Wait for Spinner to disappear...
2021-07-11 12:46:00 DEBUG ATestScript:63 - ...Spinner disappeared
2021-07-11 12:46:00 INFO  ATestScript:118 - Step 18: Verify Personal Information page is loaded
2021-07-11 12:46:00 DEBUG ATestScript:44 - Check if this text is visible on page: Personal Information
2021-07-11 12:46:00 DEBUG ATestScript:36 - Wait for page loaded completely...
2021-07-11 12:46:00 DEBUG ATestScript:39 - ...Page loaded completely
2021-07-11 12:46:00 DEBUG ATestScript:48 - Text is visible!
2021-07-11 12:46:00 INFO  ATestScript:121 - Step 19: Select date of birth
2021-07-11 12:46:00 DEBUG ATestScript:70 - [PageAdditionalDetail] Select Date: 6/Dec/1994
2021-07-11 12:46:00 DEBUG ATestScript:37 - 		[CalendarDate] Open calendar field name: Date of birth
2021-07-11 12:46:00 DEBUG ATestScript:17 - 			[Button] Click on element: By.xpath: //div[@class='aspire-label__text'][normalize-space() = 'Date of birth']/following::label[contains(@class, 'q-input')]/div
2021-07-11 12:46:01 DEBUG ATestScript:44 - 		[CalendarDate] Select month: Dec
2021-07-11 12:46:01 DEBUG ATestScript:17 - 			[Button] Click on element: By.xpath: //div[@class='q-date__content col relative-position']/div[@class='q-date__view q-date__calendar']//div[@class='relative-position overflow-hidden flex flex-center col']
2021-07-11 12:46:01 DEBUG ATestScript:17 - 			[Button] Click on element: By.xpath: //div[@class='q-date__months-item flex flex-center']//span[@class='block'][normalize-space() = 'Dec']
2021-07-11 12:46:01 DEBUG ATestScript:52 - 		[CalendarDate] Select year: 1994
2021-07-11 12:46:01 DEBUG ATestScript:17 - 			[Button] Click on element: By.xpath: //div[@class='q-date__content col relative-position']/div[@class='q-date__view q-date__calendar']//div[@class='relative-position overflow-hidden flex flex-center']
2021-07-11 12:46:02 DEBUG ATestScript:17 - 			[Button] Click on element: By.xpath: //div[@class='col-auto'][1]
2021-07-11 12:46:02 DEBUG ATestScript:17 - 			[Button] Click on element: By.xpath: //div[@class='col-auto'][1]
2021-07-11 12:46:02 DEBUG ATestScript:17 - 			[Button] Click on element: By.xpath: //div[@class='q-date__years-item flex flex-center']//span[@class='block'][normalize-space() = '1994']
2021-07-11 12:46:02 DEBUG ATestScript:68 - 		[CalendarDate] Select day: 6
2021-07-11 12:46:02 DEBUG ATestScript:17 - 			[Button] Click on element: By.xpath: //div[@class='q-date__calendar-item q-date__calendar-item--in']//span[@class='block'][normalize-space() = '6']
2021-07-11 12:46:03 INFO  ATestScript:124 - Step 20: Select nationality
2021-07-11 12:46:03 DEBUG ATestScript:33 - 		[DropDownTextSearch] Search drop down Nationality for item: Singapore
2021-07-11 12:46:03 DEBUG ATestScript:19 - 			[TextField] Input text: Singapore
2021-07-11 12:46:04 DEBUG ATestScript:46 - 		[DropDown] Select item in drop down: Singapore
2021-07-11 12:46:04 DEBUG ATestScript:17 - 			[Button] Click on element: By.xpath: //div[contains(@class,'q-item')][text() = 'Singapore']
2021-07-11 12:46:04 INFO  ATestScript:127 - Step 21: Select gender
2021-07-11 12:46:04 DEBUG ATestScript:33 - 		[DropDownTextSearch] Search drop down Gender for item: Male
2021-07-11 12:46:04 DEBUG ATestScript:19 - 			[TextField] Input text: Male
2021-07-11 12:46:04 DEBUG ATestScript:46 - 		[DropDown] Select item in drop down: Male
2021-07-11 12:46:04 DEBUG ATestScript:17 - 			[Button] Click on element: By.xpath: //div[contains(@class,'q-item')][text() = 'Male']
2021-07-11 12:46:04 INFO  ATestScript:130 - Step 22: Press Submit
2021-07-11 12:46:04 DEBUG ATestScript:17 - 			[Button] Click on element: By.xpath: //button//span[text() = 'Submit']
2021-07-11 12:46:05 DEBUG ATestScript:56 - Wait for Spinner to disappear...
2021-07-11 12:46:08 DEBUG ATestScript:63 - ...Spinner disappeared
2021-07-11 12:46:08 DEBUG ATestScript:67 - Wait for Loading to disappear...
2021-07-11 12:46:09 DEBUG ATestScript:74 - ...Loading disappeared
2021-07-11 12:46:09 INFO  ATestScript:133 - Step 23: Verify Enter email OTP page is loaded
2021-07-11 12:46:09 DEBUG ATestScript:44 - Check if this text is visible on page: Enter email OTP
2021-07-11 12:46:09 DEBUG ATestScript:36 - Wait for page loaded completely...
2021-07-11 12:46:09 DEBUG ATestScript:39 - ...Page loaded completely
2021-07-11 12:46:09 DEBUG ATestScript:48 - Text is visible!
2021-07-11 12:46:09 INFO  ATestScript:136 - Step 24: Input email OTP
2021-07-11 12:46:09 DEBUG ATestScript:95 - [PageRegister] input OTP number: 1234
2021-07-11 12:46:09 DEBUG ATestScript:32 - 			[TextField] Action Input text: 1
2021-07-11 12:46:09 DEBUG ATestScript:32 - 			[TextField] Action Input text: 2
2021-07-11 12:46:10 DEBUG ATestScript:32 - 			[TextField] Action Input text: 3
2021-07-11 12:46:10 DEBUG ATestScript:32 - 			[TextField] Action Input text: 4
2021-07-11 12:46:10 DEBUG ATestScript:56 - Wait for Spinner to disappear...
2021-07-11 12:46:14 DEBUG ATestScript:63 - ...Spinner disappeared
2021-07-11 12:46:14 DEBUG ATestScript:67 - Wait for Loading to disappear...
2021-07-11 12:46:25 DEBUG ATestScript:72 - No loading is displayed
2021-07-11 12:46:25 DEBUG ATestScript:74 - ...Loading disappeared
2021-07-11 12:46:25 INFO  ATestScript:139 - Step 25: Verify Business Information page is loaded
2021-07-11 12:46:25 DEBUG ATestScript:44 - Check if this text is visible on page: Business Information
2021-07-11 12:46:25 DEBUG ATestScript:36 - Wait for page loaded completely...
2021-07-11 12:46:25 DEBUG ATestScript:39 - ...Page loaded completely
2021-07-11 12:46:25 DEBUG ATestScript:48 - Text is visible!
2021-07-11 12:46:25 INFO  ATestScript:142 - Step 26: Input Business legal name
2021-07-11 12:46:25 DEBUG ATestScript:19 - 			[TextField] Input text: NMT
2021-07-11 12:46:25 INFO  ATestScript:145 - Step 27: Select Entity Category
2021-07-11 12:46:25 DEBUG ATestScript:33 - 		[DropDownTextSearch] Search drop down Entity category for item: Non profit organization
2021-07-11 12:46:25 DEBUG ATestScript:19 - 			[TextField] Input text: Non profit organization
2021-07-11 12:46:25 DEBUG ATestScript:46 - 		[DropDown] Select item in drop down: Non profit organization
2021-07-11 12:46:25 DEBUG ATestScript:17 - 			[Button] Click on element: By.xpath: //div[contains(@class,'q-item')][text() = 'Non profit organization']
2021-07-11 12:46:25 INFO  ATestScript:148 - Step 28: Select Entity type
2021-07-11 12:46:25 DEBUG ATestScript:33 - 		[DropDownTextSearch] Search drop down Entity type for item: Charities
2021-07-11 12:46:25 DEBUG ATestScript:19 - 			[TextField] Input text: Charities
2021-07-11 12:46:26 DEBUG ATestScript:46 - 		[DropDown] Select item in drop down: Charities
2021-07-11 12:46:26 DEBUG ATestScript:17 - 			[Button] Click on element: By.xpath: //div[contains(@class,'q-item')][text() = 'Charities']
2021-07-11 12:46:26 INFO  ATestScript:151 - Step 29: Select Business registration number (UEN)
2021-07-11 12:46:26 DEBUG ATestScript:19 - 			[TextField] Input text: 11124509T
2021-07-11 12:46:26 INFO  ATestScript:154 - Step 30: Select Industry
2021-07-11 12:46:26 DEBUG ATestScript:33 - 		[DropDownTextSearch] Search drop down Industry for item: Retail Goods
2021-07-11 12:46:26 DEBUG ATestScript:19 - 			[TextField] Input text: Retail Goods
2021-07-11 12:46:27 DEBUG ATestScript:46 - 		[DropDown] Select item in drop down: Retail Goods
2021-07-11 12:46:27 DEBUG ATestScript:17 - 			[Button] Click on element: By.xpath: //div[contains(@class,'q-item')][text() = 'Retail Goods']
2021-07-11 12:46:27 INFO  ATestScript:157 - Step 31: Select Sub-Industry
2021-07-11 12:46:27 DEBUG ATestScript:33 - 		[DropDownTextSearch] Search drop down Sub-Industry for item: Fine Arts
2021-07-11 12:46:27 DEBUG ATestScript:19 - 			[TextField] Input text: Fine Arts
2021-07-11 12:46:28 DEBUG ATestScript:46 - 		[DropDown] Select item in drop down: Fine Arts
2021-07-11 12:46:28 DEBUG ATestScript:17 - 			[Button] Click on element: By.xpath: //div[contains(@class,'q-item')][text() = 'Fine Arts']
2021-07-11 12:46:28 INFO  ATestScript:160 - Step 32: Press Continue
2021-07-11 12:46:28 DEBUG ATestScript:98 - [PageRegister] Click on button Continue
2021-07-11 12:46:28 DEBUG ATestScript:17 - 			[Button] Click on element: By.xpath: //button//span[text() = 'Continue']
2021-07-11 12:46:28 DEBUG ATestScript:56 - Wait for Spinner to disappear...
2021-07-11 12:46:29 DEBUG ATestScript:63 - ...Spinner disappeared
2021-07-11 12:46:29 DEBUG ATestScript:67 - Wait for Loading to disappear...
2021-07-11 12:46:39 DEBUG ATestScript:72 - No loading is displayed
2021-07-11 12:46:39 DEBUG ATestScript:74 - ...Loading disappeared
2021-07-11 12:46:39 INFO  ATestScript:163 - Step 33: Input Business activity
2021-07-11 12:46:39 DEBUG ATestScript:19 - 			[TextField] Input text: Americans love to talk about how Americans hate to talk about money
2021-07-11 12:46:40 INFO  ATestScript:166 - Step 34: Input example of product/services provided
2021-07-11 12:46:40 DEBUG ATestScript:19 - 			[TextField] Input text: A service provider provides organizations with consulting
2021-07-11 12:46:40 INFO  ATestScript:169 - Step 35: Input Live business website
2021-07-11 12:46:40 DEBUG ATestScript:19 - 			[TextField] Input text: www.nmt1.site
2021-07-11 12:46:40 INFO  ATestScript:172 - Step 36: Select Number of employees
2021-07-11 12:46:40 DEBUG ATestScript:33 - 		[DropDownTextSearch] Search drop down Number of employees for item: 11-50
2021-07-11 12:46:40 DEBUG ATestScript:19 - 			[TextField] Input text: 11-50
2021-07-11 12:46:41 DEBUG ATestScript:46 - 		[DropDown] Select item in drop down: 11-50
2021-07-11 12:46:41 DEBUG ATestScript:17 - 			[Button] Click on element: By.xpath: //div[contains(@class,'q-item')][text() = '11-50']
2021-07-11 12:46:41 INFO  ATestScript:175 - Step 37: Select Annual turnover
2021-07-11 12:46:41 DEBUG ATestScript:33 - 		[DropDownTextSearch] Search drop down Annual turnover for item: S$0 - S$50,000
2021-07-11 12:46:41 DEBUG ATestScript:19 - 			[TextField] Input text: S$0 - S$50,000
2021-07-11 12:46:42 DEBUG ATestScript:46 - 		[DropDown] Select item in drop down: S$0 - S$50,000
2021-07-11 12:46:42 DEBUG ATestScript:17 - 			[Button] Click on element: By.xpath: //div[contains(@class,'q-item')][text() = 'S$0 - S$50,000']
2021-07-11 12:46:42 INFO  ATestScript:178 - Step 38: Submit business detail
2021-07-11 12:46:42 DEBUG ATestScript:17 - 			[Button] Click on element: By.xpath: //button//span[text() = 'Submit']
2021-07-11 12:46:42 DEBUG ATestScript:56 - Wait for Spinner to disappear...
2021-07-11 12:46:52 DEBUG ATestScript:61 - No spinner is displayed
2021-07-11 12:46:52 DEBUG ATestScript:63 - ...Spinner disappeared
2021-07-11 12:46:52 DEBUG ATestScript:67 - Wait for Loading to disappear...
2021-07-11 12:47:03 DEBUG ATestScript:72 - No loading is displayed
2021-07-11 12:47:03 DEBUG ATestScript:74 - ...Loading disappeared
2021-07-11 12:47:03 INFO  ATestScript:181 - Step 39: Select Does any of your company directors or shareholders qualify as Politically ...
2021-07-11 12:47:03 DEBUG ATestScript:28 - 		[RadioButton] Radio button statement: Does any of your company directors or shareholders qualify as Politically Exposed Person (PEP), close family member or close associate of a PEP?
2021-07-11 12:47:03 DEBUG ATestScript:34 - 		[RadioButton] Select value: No
2021-07-11 12:47:03 DEBUG ATestScript:41 - 		[RadioButton] Get status of value: No
2021-07-11 12:47:03 DEBUG ATestScript:17 - 			[Button] Click on element: By.xpath: //div[contains(text(), 'Does any of your company directors or shareholders qualify as Politically Exposed Person (PEP), close family member or close associate of a PEP?')]//following::div[contains(@class, 'q-radio')][@aria-checked][normalize-space() = 'No']
2021-07-11 12:47:03 INFO  ATestScript:184 - Step 40: Select Does your company have corporate shareholders with more than 10% ordinary shares?
2021-07-11 12:47:03 DEBUG ATestScript:28 - 		[RadioButton] Radio button statement: Does your company have corporate shareholders with more than 10%% ordinary shares?
2021-07-11 12:47:03 DEBUG ATestScript:34 - 		[RadioButton] Select value: No
2021-07-11 12:47:03 DEBUG ATestScript:41 - 		[RadioButton] Get status of value: No
2021-07-11 12:47:03 DEBUG ATestScript:17 - 			[Button] Click on element: By.xpath: //div[contains(text(), 'Does your company have corporate shareholders with more than 10% ordinary shares?')]//following::div[contains(@class, 'q-radio')][@aria-checked][normalize-space() = 'No']
2021-07-11 12:47:03 INFO  ATestScript:187 - Step 41: Press Continue
2021-07-11 12:47:03 DEBUG ATestScript:98 - [PageRegister] Click on button Continue
2021-07-11 12:47:03 DEBUG ATestScript:17 - 			[Button] Click on element: By.xpath: //button//span[text() = 'Continue']
2021-07-11 12:47:03 DEBUG ATestScript:56 - Wait for Spinner to disappear...
2021-07-11 12:47:11 DEBUG ATestScript:63 - ...Spinner disappeared
2021-07-11 12:47:11 DEBUG ATestScript:67 - Wait for Loading to disappear...
2021-07-11 12:47:22 DEBUG ATestScript:72 - No loading is displayed
2021-07-11 12:47:22 DEBUG ATestScript:74 - ...Loading disappeared
2021-07-11 12:47:22 INFO  ATestScript:190 - Step 42: Verify Complete your verification page is loaded
2021-07-11 12:47:22 DEBUG ATestScript:44 - Check if this text is visible on page: Complete your verification
2021-07-11 12:47:22 DEBUG ATestScript:36 - Wait for page loaded completely...
2021-07-11 12:47:22 DEBUG ATestScript:39 - ...Page loaded completely
2021-07-11 12:47:22 DEBUG ATestScript:48 - Text is visible!
2021-07-11 12:47:22 INFO  ATestScript:193 - Step 43: Press Get Started
2021-07-11 12:47:22 DEBUG ATestScript:17 - 			[Button] Click on element: By.xpath: //button//span[text() = 'Get Started']
2021-07-11 12:47:22 INFO  ATestScript:196 - Step 44: Press Begin Verification
2021-07-11 12:47:22 DEBUG ATestScript:17 - 			[Button] Click on element: By.xpath: //button//span[text() = 'Begin Verification']
2021-07-11 12:47:23 INFO  ATestScript:199 - Step 45: Select document option
2021-07-11 12:47:23 DEBUG ATestScript:17 - 			[Button] Click on element: By.xpath: //button[contains(@class,'DocumentSelector-option')][descendant::p[text() = 'Passport']]
2021-07-11 12:47:24 INFO  ATestScript:202 - Step 46: Upload file
2021-07-11 12:47:24 DEBUG ATestScript:17 - 			[Button] Click on element: By.xpath: //button[text() = 'Upload file']
2021-07-11 12:47:24 INFO  ATestScript:206 - Step 47: Press Confirm
2021-07-11 12:47:24 DEBUG ATestScript:17 - 			[Button] Click on element: By.xpath: //button[text() = 'Confirm']
2021-07-11 12:47:32 INFO  ATestScript:209 - Step 48: Verify Continue on your phone page is loaded
2021-07-11 12:47:32 DEBUG ATestScript:44 - Check if this text is visible on page: Continue on your phone
2021-07-11 12:47:32 DEBUG ATestScript:36 - Wait for page loaded completely...
2021-07-11 12:47:32 DEBUG ATestScript:39 - ...Page loaded completely
2021-07-11 12:47:32 DEBUG ATestScript:48 - Text is visible!
]]></system-out>
    <system-err><![CDATA[Starting ChromeDriver 91.0.4472.101 (af52a90bf87030dd1523486a1cd3ae25c5d76c9b-refs/branch-heads/4472@{#1462}) on port 21845
Only local connections are allowed.
Please see https://chromedriver.chromium.org/security-considerations for suggestions on keeping ChromeDriver safe.
ChromeDriver was started successfully.
Jul 11, 2021 12:45:07 PM org.openqa.selenium.remote.ProtocolHandshake createSession
INFO: Detected dialect: W3C
]]></system-err>
  </testcase>
</testsuite>