<?xml version="1.0" encoding="UTF-8"?>
<!-- Generated by org.testng.reporters.JUnitReportReporter -->
<testsuite hostname="DESKTOP-E4R96QE" failures="0" tests="1" name="scripts.testsuites.registerpagetest.BusinessPageTest" time="135.604" errors="0" timestamp="2021-07-11T16:10:36 ICT" skipped="0">
  <testcase classname="scripts.testsuites.registerpagetest.BusinessPageTest" name="testBusinessDetailPage" time="135.604"/>
  <system-out/>
</testsuite> <!-- scripts.testsuites.registerpagetest.BusinessPageTest -->
