<?xml version="1.0" encoding="UTF-8"?>
<!-- Generated by org.testng.reporters.JUnitReportReporter -->
<testsuite hostname="DESKTOP-E4R96QE" failures="0" tests="1" name="scripts.registerpagetest.RegisterTest" time="145.740" errors="0" timestamp="2021-07-11T12:47:32 ICT" skipped="0">
  <testcase classname="scripts.registerpagetest.RegisterTest" name="testRegister" time="145.740"/>
  <system-out/>
</testsuite> <!-- scripts.registerpagetest.RegisterTest -->
